<div class="results" data-count="2" data-duration="61.715632" data-failures="1" data-pendings="0"><div class="row example-group failing"><div class="large-12 columns">
<h3>
<i class="icon-beaker"></i> Search</h3>
<div class="examples">
<div class="row example failing"><div class="large-12 columns">
<div class="row example-heading">
<div class="large-9 columns"><p>Search returns a relevant result redux</p></div>
<div class="large-3 columns text-right"><p>25s</p></div>
</div>
<div class="row example-body"><div class="large-12 columns">
<div class="row exception"><div class="large-12 columns"><pre>expected: false value
     got: true</pre></div></div>
<div class="row code-snippet"><div class="large-12 columns"><pre class="ruby"><code><span class="linenum">15</span>  <span class="comment"># looks like in the HTML report in the evidence directory</span>
<span class="linenum">16</span>  <span class="ident">it</span> <span class="punct">'</span><span class="string">search returns a relevant result redux</span><span class="punct">'</span> <span class="keyword">do</span>
<span class="offending"><span class="linenum">17</span>    <span class="attribute">@result</span><span class="punct">.</span><span class="ident">should</span> <span class="ident">be_false</span></span>
<span class="linenum">18</span>  <span class="keyword">end</span></code></pre></div></div>
<div class="row extra-content"><div class="large-12 columns"><div class="section-container auto" data-section="">
<section><p class="title" data-section-title=""><a href="#panel078bcee0-8c6a-42d7-a0ab-75a4307c6cf3">Stack Trace</a></p>
<div class="content" data-section-content=""><pre>./beakers/search_beaker.rb:17:in `block (2 levels) in &lt;top (required)&gt;'</pre></div></section><section><p class="title" data-section-title=""><a href="#panel5aa64d49-4a2a-46d0-bb1d-f2a2ba9c40f5">Server.log</a></p>
<div class="content" data-section-content=""><pre>Aug 15, 2013 1:23:42 PM org.openqa.grid.selenium.GridLauncher main
INFO: Launching a standalone server
13:23:48.278 INFO - Java: Oracle Corporation 23.6-b04
13:23:48.279 INFO - OS: Mac OS X 10.8.4 x86_64
13:23:48.309 INFO - v2.34.0, with Core v2.34.0. Built from revision 11cd0ef
13:23:48.829 INFO - RemoteWebDriver instances should connect to: http://127.0.0.1:4444/wd/hub
13:23:48.832 INFO - Version Jetty/5.1.x
13:23:48.833 INFO - Started HttpContext[/selenium-server/driver,/selenium-server/driver]
13:23:48.835 INFO - Started HttpContext[/selenium-server,/selenium-server]
13:23:48.835 INFO - Started HttpContext[/,/]
13:23:48.929 INFO - Started org.openqa.jetty.jetty.servlet.ServletHandler@5f937246
13:23:48.930 INFO - Started HttpContext[/wd,/wd]
13:23:48.951 INFO - Started SocketListener on 0.0.0.0:4444
13:23:48.951 INFO - Started org.openqa.jetty.jetty.Server@550c6b37
13:23:50.217 INFO - Executing: [new session: {platform=ANY, firefox_profile=UEsDBBQAAAAIAPhqD0OeoZJKNgMAA..., javascriptEnabled=true, cssSelectorsEnabled=true, browserName=firefox, nativeEvents=false, rotatable=false, takesScreenshot=true, version=}] at URL: /session)
13:23:50.273 INFO - Creating a new session for Capabilities [{firefox_profile=UEsDBBQAAAAIAPhqD0OeoZJKNgMAAAILAAAHAAAAdXNlci5qc5VWwW7jNhC99ysKn1qgprZZ7KU9bTc9LLDAHoKgR4KiRhJjkkMMScv++w4lB7FjWYpPoqT3yBnOm0fmCCQDQfvbpiYc+E006MRgfIODaLILAryqLTSbP35NlOH3v3/J15yYFKUcRFAdMPDTMqpHByfkRtWY01+1VX63uWSVOJw6yKjJhCQpe5mMK6TPn66RBAEpSWWtfIkSDhpCMujjbNgvaq+maQVOMBF7HL77bzxEC7MkD2lA2ok+pVAC22r0HvRI3wagLUP3QMz98118A9QNGf4nlS5xyex5+pigkRoozcd4RooxOzgjGf4wLtQqG2/RhMVOtGZMZlM9MyJWDgmqR8JQ46GSDeyrr0Td0UKle3AmJjruTNrCQblgIVYdYsc/YW8a8BqqCIp0f3rI04MgZfJRKh5Z2CvPtYKYbXk0+VC1hgPDQ4nnXYVVCCKHRiUQKiecT+gM9KbEGdybfAdvUTVcIs8ao7Gy//Xgn4r6jO+W6f8+//gqkPePOOdFzY/Iz2Iq6Up/WON3LDXwrMwE5JVl+MMa1sMwNeJtMLYt42E5p6haGMec/cc28YLhlB0UfXD7J1GcKrYGjbE0T2JViiIZFnlL6KQmFfsVbg/WClat3j1Cq1ht/0x/lmlJ1VFwMv6n/2YxrgR4hv7J9ZgHcxclRBsFSwZJTwayaJrFrhoTC0COdW4y8T7Lotr5NYpo/LhXY6M8TuQnzew44zdn8Nqi3lnu7OXqnTG4TbtLnVxncAb/SGtewz0m0x6fb9br1WunHt6eVL7lAyTluEwZ7Tn0JvbHbfkd2D63FnyXiqQevny5pL1OzTbDm2stDrI+sjWOmppNPrBEQ4pFHdJho+xy8hE0lzcdRy/mkUAyvMEyoDX6WE6zFTy7stFJvqctLVU0K8Gz0xRdjZ9vSH2RMlqnRHb+u8gDqN3dhPvWsqD296V2ybhvtZhrZ5I0/uPL7Q0MZTlnDqvCuCashmc6j54904GrgZ7G1xt9UcyJD3Vx6o/XU/FkQLMKf6UkPs8d8KVATJofM3lYwy52wzWc4IUvUTeM5u0SNM0qvUr8KmHP4rmR8PtbJsvLaiwXKLIzN87/AVBLAQI0AxQAAAAIAPhqD0OeoZJKNgMAAAILAAAHAAAAAAAAAAEAAACkgQAAAAB1c2VyLmpzUEsFBgAAAAABAAEANQAAAFsDAAAAAA==, platform=ANY, cssSelectorsEnabled=true, javascriptEnabled=true, browserName=firefox, nativeEvents=false, rotatable=false, takesScreenshot=true, version=}]
13:24:00.288 INFO - Done: /session
13:24:00.306 INFO - Executing: [get: http://google.com/] at URL: /session/ef6062ef-eb54-4a28-ba74-9d7874810600/url)
13:24:01.648 INFO - Done: /session/ef6062ef-eb54-4a28-ba74-9d7874810600/url
13:24:01.662 INFO - Executing: [get title] at URL: /session/ef6062ef-eb54-4a28-ba74-9d7874810600/title)
13:24:01.778 INFO - Done: /session/ef6062ef-eb54-4a28-ba74-9d7874810600/title
13:24:01.787 INFO - Executing: [find element: By.id: gbqfq] at URL: /session/ef6062ef-eb54-4a28-ba74-9d7874810600/element)
13:24:01.951 INFO - Done: /session/ef6062ef-eb54-4a28-ba74-9d7874810600/element
13:24:01.967 INFO - Executing: [send keys: 0 [[FirefoxDriver: firefox on MAC (aa1d7386-61f0-544f-8149-a32aa49625ef)] -&gt; id: gbqfq], [elemental selenium tips]] at URL: /session/ef6062ef-eb54-4a28-ba74-9d7874810600/element/0/value)
13:24:02.174 INFO - Done: /session/ef6062ef-eb54-4a28-ba74-9d7874810600/element/0/value
13:24:02.179 INFO - Executing: [find element: By.id: gbqfb] at URL: /session/ef6062ef-eb54-4a28-ba74-9d7874810600/element)
13:24:02.294 INFO - Done: /session/ef6062ef-eb54-4a28-ba74-9d7874810600/element
13:24:02.301 INFO - Executing: [click: 1 [[FirefoxDriver: firefox on MAC (aa1d7386-61f0-544f-8149-a32aa49625ef)] -&gt; id: gbqfb]] at URL: /session/ef6062ef-eb54-4a28-ba74-9d7874810600/element/1/click)
13:24:02.550 INFO - Done: /session/ef6062ef-eb54-4a28-ba74-9d7874810600/element/1/click
13:24:02.555 INFO - Executing: [find element: By.selector: #rso .g] at URL: /session/ef6062ef-eb54-4a28-ba74-9d7874810600/element)
13:24:04.097 WARN - Exception thrown
org.openqa.selenium.NoSuchElementException: Unable to locate element: {"method":"css selector","selector":"#rso .g"}
Command duration or timeout: 17 milliseconds
For documentation on this error, please visit: http://seleniumhq.org/exceptions/no_such_element.html
Build info: version: '2.34.0', revision: '11cd0ef', time: '2013-08-06 17:10:22'
System info: os.name: 'Mac OS X', os.arch: 'x86_64', os.version: '10.8.4', java.version: '1.7.0_11'
Session ID: aa1d7386-61f0-544f-8149-a32aa49625ef
Driver info: org.openqa.selenium.firefox.FirefoxDriver
Capabilities [{platform=MAC, databaseEnabled=true, cssSelectorsEnabled=true, javascriptEnabled=true, acceptSslCerts=true, handlesAlerts=true, browserName=firefox, browserConnectionEnabled=true, nativeEvents=false, webStorageEnabled=true, rotatable=false, locationContextEnabled=true, applicationCacheEnabled=true, takesScreenshot=true, version=22.0}]
	at sun.reflect.NativeConstructorAccessorImpl.newInstance0(Native Method)
	at sun.reflect.NativeConstructorAccessorImpl.newInstance(NativeConstructorAccessorImpl.java:57)
	at sun.reflect.DelegatingConstructorAccessorImpl.newInstance(DelegatingConstructorAccessorImpl.java:45)
	at java.lang.reflect.Constructor.newInstance(Constructor.java:525)
	at org.openqa.selenium.remote.ErrorHandler.createThrowable(ErrorHandler.java:191)
	at org.openqa.selenium.remote.ErrorHandler.throwIfResponseFailed(ErrorHandler.java:145)
	at org.openqa.selenium.remote.RemoteWebDriver.execute(RemoteWebDriver.java:554)
	at org.openqa.selenium.remote.RemoteWebDriver.findElement(RemoteWebDriver.java:307)
	at org.openqa.selenium.remote.RemoteWebDriver.findElementByCssSelector(RemoteWebDriver.java:396)
	at org.openqa.selenium.By$ByCssSelector.findElement(By.java:407)
	at org.openqa.selenium.remote.RemoteWebDriver.findElement(RemoteWebDriver.java:299)
	at sun.reflect.NativeMethodAccessorImpl.invoke0(Native Method)
	at sun.reflect.NativeMethodAccessorImpl.invoke(NativeMethodAccessorImpl.java:57)
	at sun.reflect.DelegatingMethodAccessorImpl.invoke(DelegatingMethodAccessorImpl.java:43)
	at java.lang.reflect.Method.invoke(Method.java:601)
	at org.openqa.selenium.support.events.EventFiringWebDriver$2.invoke(EventFiringWebDriver.java:101)
	at $Proxy1.findElement(Unknown Source)
	at org.openqa.selenium.support.events.EventFiringWebDriver.findElement(EventFiringWebDriver.java:180)
	at org.openqa.selenium.remote.server.handler.FindElement.call(FindElement.java:47)
	at org.openqa.selenium.remote.server.handler.FindElement.call(FindElement.java:1)
	at java.util.concurrent.FutureTask$Sync.innerRun(FutureTask.java:334)
	at java.util.concurrent.FutureTask.run(FutureTask.java:166)
	at org.openqa.selenium.remote.server.DefaultSession$1.run(DefaultSession.java:169)
	at java.util.concurrent.ThreadPoolExecutor.runWorker(ThreadPoolExecutor.java:1110)
	at java.util.concurrent.ThreadPoolExecutor$Worker.run(ThreadPoolExecutor.java:603)
	at java.lang.Thread.run(Thread.java:722)
Caused by: org.openqa.selenium.remote.ErrorHandler$UnknownServerException: Unable to locate element: {"method":"css selector","selector":"#rso .g"}
Build info: version: '2.34.0', revision: '11cd0ef', time: '2013-08-06 17:10:22'
System info: os.name: 'Mac OS X', os.arch: 'x86_64', os.version: '10.8.4', java.version: '1.7.0_11'
Driver info: driver.version: unknown
	at &lt;anonymous class&gt;.FirefoxDriver.prototype.findElementInternal_(file:///var/folders/r5/p1f29nw146q__hjgj6tkrnk40000gn/T/anonymous2363071805387837789webdriver-profile/extensions/fxdriver@googlecode.com/components/driver_component.js:8879)
	at &lt;anonymous class&gt;.FirefoxDriver.prototype.findElement(file:///var/folders/r5/p1f29nw146q__hjgj6tkrnk40000gn/T/anonymous2363071805387837789webdriver-profile/extensions/fxdriver@googlecode.com/components/driver_component.js:8888)
	at &lt;anonymous class&gt;.DelayedCommand.prototype.executeInternal_/h(file:///var/folders/r5/p1f29nw146q__hjgj6tkrnk40000gn/T/anonymous2363071805387837789webdriver-profile/extensions/fxdriver@googlecode.com/components/command_processor.js:10816)
	at &lt;anonymous class&gt;.DelayedCommand.prototype.executeInternal_(file:///var/folders/r5/p1f29nw146q__hjgj6tkrnk40000gn/T/anonymous2363071805387837789webdriver-profile/extensions/fxdriver@googlecode.com/components/command_processor.js:10821)
	at &lt;anonymous class&gt;.DelayedCommand.prototype.execute/&lt;(file:///var/folders/r5/p1f29nw146q__hjgj6tkrnk40000gn/T/anonymous2363071805387837789webdriver-profile/extensions/fxdriver@googlecode.com/components/command_processor.js:10763)
13:24:04.108 WARN - Exception: Unable to locate element: {"method":"css selector","selector":"#rso .g"}
Command duration or timeout: 17 milliseconds
For documentation on this error, please visit: http://seleniumhq.org/exceptions/no_such_element.html
Build info: version: '2.34.0', revision: '11cd0ef', time: '2013-08-06 17:10:22'
System info: os.name: 'Mac OS X', os.arch: 'x86_64', os.version: '10.8.4', java.version: '1.7.0_11'
Session ID: aa1d7386-61f0-544f-8149-a32aa49625ef
Driver info: org.openqa.selenium.firefox.FirefoxDriver
Capabilities [{platform=MAC, databaseEnabled=true, cssSelectorsEnabled=true, javascriptEnabled=true, acceptSslCerts=true, handlesAlerts=true, browserName=firefox, browserConnectionEnabled=true, nativeEvents=false, webStorageEnabled=true, rotatable=false, locationContextEnabled=true, applicationCacheEnabled=true, takesScreenshot=true, version=22.0}]
13:24:04.558 INFO - Executing: [find element: By.selector: #rso .g] at URL: /session/ef6062ef-eb54-4a28-ba74-9d7874810600/element)
13:24:04.576 INFO - Done: /session/ef6062ef-eb54-4a28-ba74-9d7874810600/element
13:24:04.584 INFO - Executing: [is displayed: 2 [[FirefoxDriver: firefox on MAC (aa1d7386-61f0-544f-8149-a32aa49625ef)] -&gt; css selector: #rso .g]] at URL: /session/ef6062ef-eb54-4a28-ba74-9d7874810600/element/2/displayed)
13:24:04.625 INFO - Done: /session/ef6062ef-eb54-4a28-ba74-9d7874810600/element/2/displayed
13:24:04.630 INFO - Executing: [find element: By.selector: #rso .g] at URL: /session/ef6062ef-eb54-4a28-ba74-9d7874810600/element)
13:24:04.648 INFO - Done: /session/ef6062ef-eb54-4a28-ba74-9d7874810600/element
13:24:04.653 INFO - Executing: [get text: 2 [[FirefoxDriver: firefox on MAC (aa1d7386-61f0-544f-8149-a32aa49625ef)] -&gt; css selector: #rso .g]] at URL: /session/ef6062ef-eb54-4a28-ba74-9d7874810600/element/2/text)
13:24:04.991 INFO - Done: /session/ef6062ef-eb54-4a28-ba74-9d7874810600/element/2/text
13:24:05.003 INFO - Executing: [get page source] at URL: /session/ef6062ef-eb54-4a28-ba74-9d7874810600/source)
13:24:05.249 INFO - Done: /session/ef6062ef-eb54-4a28-ba74-9d7874810600/source
13:24:05.319 INFO - Executing: [delete session: ef6062ef-eb54-4a28-ba74-9d7874810600] at URL: /session/ef6062ef-eb54-4a28-ba74-9d7874810600)
13:24:05.548 INFO - Done: /session/ef6062ef-eb54-4a28-ba74-9d7874810600
13:24:06.453 INFO - Checking Resource aliases
13:24:06.456 INFO - Command request: shutDownSeleniumServer[, ] on session null
13:24:06.458 INFO - Shutdown command received
13:24:06.459 INFO - initiating shutdown
13:24:06.459 INFO - Got result: OK on session null
13:24:06.962 INFO - Shutting down...
</pre></div></section><section><p class="title" data-section-title=""><a href="#panel766ae2b9-4817-4c41-9d70-0424146bf782">Firefox.log</a></p>
<div class="content" data-section-content=""><pre>webdriver [130815 13:23:59.08] [  0.009s] [webdriver] Found preference for webdriver_assume_untrusted_issuer: false
webdriver [130815 13:23:59.08] [  0.011s] [webdriver] Found preference for webdriver_accept_untrusted_certs: true
webdriver [130815 13:23:59.08] [  0.012s] [webdriver] Accept untrusted certificates: true
webdriver [130815 13:23:59.27] [  0.232s] [webdriver] Using native events: false
webdriver [130815 13:23:59.27] [  0.235s] [webdriver] Loading: resource://fxdriver/evaluate.js
webdriver [130815 13:23:59.28] [  0.240s] [webdriver] Done reading: resource://fxdriver/evaluate.js
webdriver [130815 13:24:00.06] [  0.800s] [webdriver] Received command: newSession
webdriver [130815 13:24:00.15] [  0.030s] [webdriver] Setting preferences based on required capabilities
webdriver [130815 13:24:00.16] [  0.033s] [webdriver] Setting capability nativeEvents (webdriver_enable_native_events) to false
webdriver [130815 13:24:00.16] [  0.897s] [webdriver] Created a new session with id: aa1d7386-61f0-544f-8149-a32aa49625ef
webdriver [130815 13:24:00.32] [  1.061s] [webdriver] Received command: get
webdriver [130815 13:24:01.60] [  2.557s] [webdriver] request status is 0
webdriver [130815 13:24:01.66] [  2.401s] [webdriver] Received command: getTitle
webdriver [130815 13:24:01.79] [  2.531s] [webdriver] Received command: findElement
webdriver [130815 13:24:01.97] [  2.713s] [webdriver] Received command: sendKeysToElement
webdriver [130815 13:24:02.01] [  2.744s] [webdriver] Need to switch focus
webdriver [130815 13:24:02.03] [  2.764s] [webdriver] Unable to find native component: @openqa.org/nativekeyboard;1
webdriver [130815 13:24:02.03] [  2.765s] [webdriver] TypeError: Components.classes[a] is undefined
webdriver [130815 13:24:02.03] [  2.766s] [webdriver] Doing sendKeys in a non-native way...
webdriver [130815 13:24:02.18] [  2.919s] [webdriver] Received command: findElement
webdriver [130815 13:24:02.31] [  3.050s] [webdriver] Received command: clickElement
webdriver [130815 13:24:02.33] [  3.066s] [webdriver] Unable to find native component: @openqa.org/nativemouse;1
webdriver [130815 13:24:02.33] [  3.067s] [webdriver] TypeError: Components.classes[a] is undefined
webdriver [130815 13:24:02.33] [  3.069s] [webdriver] Falling back to synthesized click
webdriver [130815 13:24:02.33] [  2.978s] [webdriver] SyntheticMouse.move [object XrayWrapper [object HTMLButtonElement]] 37 14
webdriver [130815 13:24:02.34] [  2.980s] [webdriver] Calling mouse.move with: 37, 14, [object XrayWrapper [object HTMLButtonElement]]
webdriver [130815 13:24:02.37] [  3.017s] [webdriver] Calling fireMouseEvent mouseout 750, 64, [object XrayWrapper [object HTMLInputElement]]
webdriver [130815 13:24:02.38] [  3.021s] [webdriver] Called fireMouseEvent mouseout 750, 64, [object XrayWrapper [object HTMLInputElement]]
webdriver [130815 13:24:02.38] [  3.023s] [webdriver] Calling fireMouseEvent mouseover 750, 64, [object XrayWrapper [object HTMLButtonElement]]
webdriver [130815 13:24:02.38] [  3.024s] [webdriver] Called fireMouseEvent mouseover 750, 64, [object XrayWrapper [object HTMLButtonElement]]
webdriver [130815 13:24:02.38] [  3.026s] [webdriver] Calling fireMouseEvent mousemove 750, 64, [object XrayWrapper [object HTMLButtonElement]]
webdriver [130815 13:24:02.38] [  3.027s] [webdriver] Called fireMouseEvent mousemove 750, 64, [object XrayWrapper [object HTMLButtonElement]]
webdriver [130815 13:24:02.38] [  3.029s] [webdriver] SyntheticMouse.click [object XrayWrapper [object HTMLButtonElement]]
webdriver [130815 13:24:02.39] [  3.039s] [webdriver] About to do a bot.action.click on [object XrayWrapper [object HTMLButtonElement]]
webdriver [130815 13:24:02.52] [  3.263s] [webdriver] Not loading document anymore.
webdriver [130815 13:24:02.56] [  3.294s] [webdriver] Received command: findElement
webdriver [130815 13:24:04.56] [  5.298s] [webdriver] Received command: findElement
webdriver [130815 13:24:04.58] [  5.323s] [webdriver] Received command: isElementDisplayed
webdriver [130815 13:24:04.63] [  5.370s] [webdriver] Received command: findElement
webdriver [130815 13:24:04.66] [  5.394s] [webdriver] Received command: getElementText
webdriver [130815 13:24:05.01] [  5.744s] [webdriver] Received command: getPageSource
webdriver [130815 13:24:05.32] [  6.062s] [webdriver] Received command: quit
</pre></div></section><section><p class="title" data-section-title=""><a href="#panel0c2f0547-5b0b-452a-86e5-bedcaa857215">Dom Html</a></p>
<div class="content" data-section-content=""></div></section>
</div></div></div>
</div></div>
</div></div>
<div class="row example passing"><div class="large-12 columns">
<div class="row example-heading">
<div class="large-9 columns"><p>Search returns a relevant result</p></div>
<div class="large-3 columns text-right"><p>25s</p></div>
</div>
<div class="row example-body"><div class="large-12 columns"></div></div>
</div></div>
</div>
</div></div></div>

Randomized with seed 58617

